2024-07-07 10:32:24.673 [INFO]: No proxy settings found
2024-07-07 10:32:25.778 [INFO]: Creating manager directory: /tmp/6c23393d-39a4-4a83-87cd-aca31c51ef18/codeium/manager
2024-07-07 10:32:26.103 [INFO]: Using cached LS with valid crc32: /home/j/.vscode-oss/extensions/codeium.codeium-1.8.64-universal/dist/a449546e0384eb1c5a91cd222eebb296be9a0f91/language_server_linux_x64
2024-07-07 10:32:26.111 [INFO]: Language server started
2024-07-07 10:32:26.264 [INFO]: [Language Server (stderr)]:
I0707 10:32:26.263071 669803 main.go:558] Starting language server manager with pid 669803
I0707 10:32:26.263183 669803 main.go:110] Manager acquired its lock file /tmp/6c23393d-39a4-4a83-87cd-aca31c51ef18/codeium/manager/locks/manager.lock
2024-07-07 10:32:26.265 [INFO]: [Language Server (stderr)]:
I0707 10:32:26.263895 669803 main.go:248] Waiting for random port file in /tmp/6c23393d-39a4-4a83-87cd-aca31c51ef18/codeium/manager/child_random_port_1720327646263304172_8525321181087352232 to be created
2024-07-07 10:32:26.409 [INFO]: [Language Server (stderr)]:
I0707 10:32:26.408346 669816 main.go:552] Starting language server process with pid 669816
I0707 10:32:26.408410 669816 server.go:156] Language server will attempt to listen on host 127.0.0.1
I0707 10:32:26.408538 669816 server.go:163] Language server listening on random port at 36275
2024-07-07 10:32:26.409 [INFO]: [Language Server (stderr)]:
I0707 10:32:26.408598 669816 proxy.go:113] proxyplease.proxy> No proxy provided. Attempting to infer from system.
I0707 10:32:26.408624 669816 proxy.go:113] proxyplease.proxy> No proxy could be determined. Assuming a direct connection.
I0707 10:32:26.408650 669816 client.go:589] [DEBUG] GET https://server.codeium.com/exa.api_server_pb.ApiServerService/GetCompletions
2024-07-07 10:32:27.318 [INFO]: [Language Server (stderr)]:
I0707 10:32:27.317366 669816 unleash.go:90] Initializing Unleash
2024-07-07 10:32:28.134 [INFO]: [Language Server (stderr)]:
I0707 10:32:28.133227 669816 unleash.go:110] Successfully initialized Unleash
2024-07-07 10:32:28.148 [INFO]: [Language Server (stderr)]:
E0707 10:32:28.146875 669816 client_manager.go:270] Metadata is nil when trying to refresh user JWT
2024-07-07 10:32:28.968 [INFO]: [Language Server (stderr)]:
I0707 10:32:28.966837 669816 server.go:355] Successfully created API server client
2024-07-07 10:32:29.027 [INFO]: [Language Server (stderr)]:
I0707 10:32:29.026628 669816 server.go:364] Successfully initialized tokenizer
2024-07-07 10:32:29.131 [INFO]: [Language Server (stderr)]:
I0707 10:32:29.130091 669816 server.go:473] Local search is enabled, will index local files.
I0707 10:32:29.130167 669816 server.go:477] Using 3 indexer workers
I0707 10:32:29.130243 669816 search_provider.go:200] Using database at /home/j/.codeium/database/9c0694567290725d9dcba14ade58e297/2/MODEL_EMBED_6591
2024-07-07 10:32:29.132 [INFO]: [Language Server (stderr)]:
I0707 10:32:29.131870 669816 database.go:123] Bad db state detected: false
2024-07-07 10:32:29.133 [INFO]: [Language Server (stderr)]:
I0707 10:32:29.133008 669816 search_provider.go:214] Successfully created embedding search database in 2ms
2024-07-07 10:32:29.133 [INFO]: [Language Server (stderr)]:
I0707 10:32:29.133459 669816 indexer.go:224] Using 12 embed workers
I0707 10:32:29.133569 669816 search_provider.go:239] Successfully created and started indexer
2024-07-07 10:32:29.134 [INFO]: [Language Server (stderr)]:
I0707 10:32:29.133611 669816 search_provider.go:265] Successfully created embedding search provider
I0707 10:32:29.133625 669816 server.go:515] Successfully created exact search provider
2024-07-07 10:32:29.142 [INFO]: [Language Server (stderr)]:
E0707 10:32:29.141752 669816 code_tracker_manager.go:275] <nil>
2024-07-07 10:32:29.150 [INFO]: [Language Server (stderr)]:
I0707 10:32:29.149754 669816 server.go:545] Successfully created completion provider
I0707 10:32:29.149901 669816 server.go:594] Child process attempting to acquire lock file /tmp/6c23393d-39a4-4a83-87cd-aca31c51ef18/codeium/manager/locks/child_lock_1720327646263370153_4810487207753724686
I0707 10:32:29.149950 669816 server.go:602] Child process acquired lock file /tmp/6c23393d-39a4-4a83-87cd-aca31c51ef18/codeium/manager/locks/child_lock_1720327646263370153_4810487207753724686
2024-07-07 10:32:29.155 [INFO]: [Language Server (stderr)]:
I0707 10:32:29.154506 669816 server.go:183] LSP listening on random port at 41183
2024-07-07 10:32:29.155 [INFO]: [Language Server (stderr)]:
I0707 10:32:29.155090 669816 web_server.go:239] Chat Web Server listening at ws://127.0.0.1:36849
2024-07-07 10:32:29.178 [INFO]: [Language Server (stdout)]:
41183
2024-07-07 10:32:29.178 [INFO]: [Language Server (stderr)]:
I0707 10:32:29.177414 669803 main.go:284] Language server manager found random server port 36275
I0707 10:32:29.177458 669803 main.go:285] Language server manager found random lsp port 41183
I0707 10:32:29.177479 669803 main.go:292] Language server manager attempting to connect to language server at 127.0.0.1:36275
2024-07-07 10:32:29.207 [INFO]: [Language Server (stderr)]:
I0707 10:32:29.207013 669803 main.go:163] Fixing language server port at 36275
I0707 10:32:29.207054 669803 main.go:343] Language server manager successfully connected to new language server at 127.0.0.1:36275
2024-07-07 10:32:29.234 [INFO]: Found language server running on port 36275
2024-07-07 10:32:29.244 [INFO]: Downloaded binary: /home/j/.codeium/bin/af6b6c543b224d348a8876f0c06245d9ea7929c5/ripgrep_linux_x64
2024-07-07 10:32:29.257 [INFO]: [Language Server (stderr)]:
I0707 10:32:29.257101 669816 rpcs_miscellaneous.go:118] Ripgrep available at /home/j/.codeium/bin/af6b6c543b224d348a8876f0c06245d9ea7929c5/ripgrep_linux_x64
2024-07-07 10:32:29.521 [INFO]: [Language Server (stderr)]:
I0707 10:32:29.520300 669816 rpcs_miscellaneous.go:312] University version is up to date.
2024-07-07 10:33:43.181 [INFO]: Disposing language server process
2024-07-07 10:33:43.182 [INFO]: Deleting manager directory: /tmp/6c23393d-39a4-4a83-87cd-aca31c51ef18/codeium/manager
2024-07-07 10:33:43.185 [INFO]: Successfully disposed language server
