2024-07-07 10:21:14.998 [INFO]: No proxy settings found
2024-07-07 10:21:16.185 [INFO]: Creating manager directory: /tmp/f68f9737-b9c6-429b-9b9c-293ab4097eaf/codeium/manager
2024-07-07 10:21:16.637 [INFO]: Using cached LS with valid crc32: /home/j/.vscode-oss/extensions/codeium.codeium-1.8.64-universal/dist/a449546e0384eb1c5a91cd222eebb296be9a0f91/language_server_linux_x64
2024-07-07 10:21:16.643 [INFO]: Language server started
2024-07-07 10:21:16.795 [INFO]: [Language Server (stderr)]:
I0707 10:21:16.794163 653534 main.go:558] Starting language server manager with pid 653534
I0707 10:21:16.794321 653534 main.go:110] Manager acquired its lock file /tmp/f68f9737-b9c6-429b-9b9c-293ab4097eaf/codeium/manager/locks/manager.lock
2024-07-07 10:21:16.796 [INFO]: [Language Server (stderr)]:
I0707 10:21:16.795166 653534 main.go:248] Waiting for random port file in /tmp/f68f9737-b9c6-429b-9b9c-293ab4097eaf/codeium/manager/child_random_port_1720326976794544693_3890724362269873003 to be created
2024-07-07 10:21:17.016 [INFO]: [Language Server (stderr)]:
I0707 10:21:17.015313 653548 main.go:552] Starting language server process with pid 653548
I0707 10:21:17.015398 653548 server.go:156] Language server will attempt to listen on host 127.0.0.1
2024-07-07 10:21:17.017 [INFO]: [Language Server (stderr)]:
I0707 10:21:17.015627 653548 server.go:163] Language server listening on random port at 38967
I0707 10:21:17.015735 653548 proxy.go:113] proxyplease.proxy> No proxy provided. Attempting to infer from system.
I0707 10:21:17.015775 653548 proxy.go:113] proxyplease.proxy> No proxy could be determined. Assuming a direct connection.
I0707 10:21:17.015809 653548 client.go:589] [DEBUG] GET https://server.codeium.com/exa.api_server_pb.ApiServerService/GetCompletions
2024-07-07 10:21:18.136 [INFO]: [Language Server (stderr)]:
I0707 10:21:18.135686 653548 unleash.go:90] Initializing Unleash
2024-07-07 10:21:18.952 [INFO]: [Language Server (stderr)]:
I0707 10:21:18.951006 653548 unleash.go:110] Successfully initialized Unleash
2024-07-07 10:21:18.967 [INFO]: [Language Server (stderr)]:
E0707 10:21:18.966530 653548 client_manager.go:270] Metadata is nil when trying to refresh user JWT
2024-07-07 10:21:20.244 [INFO]: [Language Server (stderr)]:
I0707 10:21:20.243229 653548 server.go:355] Successfully created API server client
2024-07-07 10:21:20.303 [INFO]: [Language Server (stderr)]:
I0707 10:21:20.302634 653548 server.go:364] Successfully initialized tokenizer
2024-07-07 10:21:20.414 [INFO]: [Language Server (stderr)]:
I0707 10:21:20.413441 653548 server.go:473] Local search is enabled, will index local files.
I0707 10:21:20.413486 653548 server.go:477] Using 3 indexer workers
2024-07-07 10:21:20.414 [INFO]: [Language Server (stderr)]:
I0707 10:21:20.413824 653548 search_provider.go:200] Using database at /home/j/.codeium/database/9c0694567290725d9dcba14ade58e297/2/MODEL_EMBED_6591
2024-07-07 10:21:20.416 [INFO]: [Language Server (stderr)]:
I0707 10:21:20.415899 653548 database.go:123] Bad db state detected: false
2024-07-07 10:21:20.417 [INFO]: [Language Server (stderr)]:
I0707 10:21:20.417058 653548 search_provider.go:214] Successfully created embedding search database in 3ms
2024-07-07 10:21:20.418 [INFO]: [Language Server (stderr)]:
I0707 10:21:20.417380 653548 indexer.go:224] Using 12 embed workers
I0707 10:21:20.417437 653548 search_provider.go:239] Successfully created and started indexer
I0707 10:21:20.417467 653548 search_provider.go:265] Successfully created embedding search provider
I0707 10:21:20.417476 653548 server.go:515] Successfully created exact search provider
2024-07-07 10:21:20.419 [INFO]: [Language Server (stderr)]:
E0707 10:21:20.419329 653548 code_tracker_manager.go:275] <nil>
2024-07-07 10:21:20.424 [INFO]: [Language Server (stderr)]:
I0707 10:21:20.423930 653548 server.go:545] Successfully created completion provider
2024-07-07 10:21:20.424 [INFO]: [Language Server (stderr)]:
I0707 10:21:20.424375 653548 server.go:594] Child process attempting to acquire lock file /tmp/f68f9737-b9c6-429b-9b9c-293ab4097eaf/codeium/manager/locks/child_lock_1720326976794600502_4549230610077492268
I0707 10:21:20.424424 653548 server.go:602] Child process acquired lock file /tmp/f68f9737-b9c6-429b-9b9c-293ab4097eaf/codeium/manager/locks/child_lock_1720326976794600502_4549230610077492268
2024-07-07 10:21:20.430 [INFO]: [Language Server (stderr)]:
I0707 10:21:20.430011 653548 server.go:183] LSP listening on random port at 43267
2024-07-07 10:21:20.431 [INFO]: [Language Server (stderr)]:
I0707 10:21:20.430994 653548 web_server.go:239] Chat Web Server listening at ws://127.0.0.1:43807
2024-07-07 10:21:20.514 [INFO]: [Language Server (stdout)]:
43267
2024-07-07 10:21:20.515 [INFO]: [Language Server (stderr)]:
I0707 10:21:20.513429 653534 main.go:284] Language server manager found random server port 38967
I0707 10:21:20.513481 653534 main.go:285] Language server manager found random lsp port 43267
I0707 10:21:20.513521 653534 main.go:292] Language server manager attempting to connect to language server at 127.0.0.1:38967
2024-07-07 10:21:20.548 [INFO]: [Language Server (stderr)]:
I0707 10:21:20.547437 653534 main.go:163] Fixing language server port at 38967
I0707 10:21:20.547473 653534 main.go:343] Language server manager successfully connected to new language server at 127.0.0.1:38967
2024-07-07 10:21:20.570 [INFO]: Found language server running on port 38967
2024-07-07 10:21:20.588 [INFO]: Downloaded binary: /home/j/.codeium/bin/af6b6c543b224d348a8876f0c06245d9ea7929c5/ripgrep_linux_x64
2024-07-07 10:21:20.601 [INFO]: [Language Server (stderr)]:
I0707 10:21:20.601103 653548 rpcs_miscellaneous.go:118] Ripgrep available at /home/j/.codeium/bin/af6b6c543b224d348a8876f0c06245d9ea7929c5/ripgrep_linux_x64
2024-07-07 10:21:20.854 [INFO]: [Language Server (stderr)]:
I0707 10:21:20.853364 653548 rpcs_miscellaneous.go:312] University version is up to date.
2024-07-07 10:21:29.787 [INFO]: Disposing language server process
2024-07-07 10:21:29.788 [INFO]: Deleting manager directory: /tmp/f68f9737-b9c6-429b-9b9c-293ab4097eaf/codeium/manager
2024-07-07 10:21:29.793 [INFO]: Successfully disposed language server
