2024-07-02 22:39:00.344 [INFO]: No proxy settings found
2024-07-02 22:39:01.996 [INFO]: Creating manager directory: /tmp/bc859609-5818-48c9-83eb-c0176079bd3e/codeium/manager
2024-07-02 22:39:02.361 [INFO]: Using cached LS with valid crc32: /home/j/.vscode-oss/extensions/codeium.codeium-1.8.64-universal/dist/a449546e0384eb1c5a91cd222eebb296be9a0f91/language_server_linux_x64
2024-07-02 22:39:02.369 [INFO]: Language server started
2024-07-02 22:39:02.506 [INFO]: [Language Server (stderr)]:
I0702 22:39:02.505491 29367 main.go:558] Starting language server manager with pid 29367
I0702 22:39:02.505597 29367 main.go:110] Manager acquired its lock file /tmp/bc859609-5818-48c9-83eb-c0176079bd3e/codeium/manager/locks/manager.lock
2024-07-02 22:39:02.507 [INFO]: [Language Server (stderr)]:
I0702 22:39:02.506336 29367 main.go:248] Waiting for random port file in /tmp/bc859609-5818-48c9-83eb-c0176079bd3e/codeium/manager/child_random_port_1719939242505735696_6330873124182728174 to be created
2024-07-02 22:39:02.643 [INFO]: [Language Server (stderr)]:
I0702 22:39:02.641985 29381 main.go:552] Starting language server process with pid 29381
I0702 22:39:02.642125 29381 server.go:156] Language server will attempt to listen on host 127.0.0.1
2024-07-02 22:39:02.644 [INFO]: [Language Server (stderr)]:
I0702 22:39:02.642381 29381 server.go:163] Language server listening on random port at 43013
I0702 22:39:02.642507 29381 proxy.go:113] proxyplease.proxy> No proxy provided. Attempting to infer from system.
I0702 22:39:02.642576 29381 proxy.go:113] proxyplease.proxy> No proxy could be determined. Assuming a direct connection.
I0702 22:39:02.642619 29381 client.go:589] [DEBUG] GET https://server.codeium.com/exa.api_server_pb.ApiServerService/GetCompletions
2024-07-02 22:39:04.256 [INFO]: [Language Server (stderr)]:
I0702 22:39:04.255338 29381 unleash.go:90] Initializing Unleash
2024-07-02 22:39:05.359 [INFO]: [Language Server (stderr)]:
I0702 22:39:05.357351 29381 unleash.go:110] Successfully initialized Unleash
2024-07-02 22:39:05.378 [INFO]: [Language Server (stderr)]:
E0702 22:39:05.376790 29381 client_manager.go:270] Metadata is nil when trying to refresh user JWT
2024-07-02 22:39:06.885 [INFO]: [Language Server (stderr)]:
I0702 22:39:06.884236 29381 server.go:355] Successfully created API server client
2024-07-02 22:39:06.941 [INFO]: [Language Server (stderr)]:
I0702 22:39:06.940139 29381 server.go:364] Successfully initialized tokenizer
2024-07-02 22:39:07.064 [INFO]: [Language Server (stderr)]:
I0702 22:39:07.063615 29381 server.go:473] Local search is enabled, will index local files.
I0702 22:39:07.063654 29381 server.go:477] Using 3 indexer workers
2024-07-02 22:39:07.064 [INFO]: [Language Server (stderr)]:
I0702 22:39:07.064003 29381 search_provider.go:200] Using database at /home/j/.codeium/database/9c0694567290725d9dcba14ade58e297/2/MODEL_EMBED_6591
2024-07-02 22:39:07.066 [INFO]: [Language Server (stderr)]:
I0702 22:39:07.065741 29381 database.go:123] Bad db state detected: false
2024-07-02 22:39:07.066 [INFO]: [Language Server (stderr)]:
I0702 22:39:07.066394 29381 search_provider.go:214] Successfully created embedding search database in 2ms
2024-07-02 22:39:07.067 [INFO]: [Language Server (stderr)]:
I0702 22:39:07.066782 29381 indexer.go:224] Using 12 embed workers
I0702 22:39:07.066810 29381 search_provider.go:239] Successfully created and started indexer
I0702 22:39:07.066848 29381 search_provider.go:265] Successfully created embedding search provider
I0702 22:39:07.066863 29381 server.go:515] Successfully created exact search provider
2024-07-02 22:39:07.074 [INFO]: [Language Server (stderr)]:
I0702 22:39:07.073541 29381 server.go:545] Successfully created completion provider
2024-07-02 22:39:07.074 [INFO]: [Language Server (stderr)]:
I0702 22:39:07.073795 29381 server.go:594] Child process attempting to acquire lock file /tmp/bc859609-5818-48c9-83eb-c0176079bd3e/codeium/manager/locks/child_lock_1719939242505784566_4738068946533790518
I0702 22:39:07.073843 29381 server.go:602] Child process acquired lock file /tmp/bc859609-5818-48c9-83eb-c0176079bd3e/codeium/manager/locks/child_lock_1719939242505784566_4738068946533790518
2024-07-02 22:39:07.080 [INFO]: [Language Server (stderr)]:
I0702 22:39:07.079355 29381 server.go:183] LSP listening on random port at 42555
2024-07-02 22:39:07.080 [INFO]: [Language Server (stderr)]:
I0702 22:39:07.079846 29381 web_server.go:239] Chat Web Server listening at ws://127.0.0.1:46059
2024-07-02 22:39:07.130 [INFO]: [Language Server (stdout)]:
42555
2024-07-02 22:39:07.130 [INFO]: [Language Server (stderr)]:
I0702 22:39:07.129261 29367 main.go:284] Language server manager found random server port 43013
I0702 22:39:07.129326 29367 main.go:285] Language server manager found random lsp port 42555
I0702 22:39:07.129364 29367 main.go:292] Language server manager attempting to connect to language server at 127.0.0.1:43013
2024-07-02 22:39:07.164 [INFO]: [Language Server (stderr)]:
I0702 22:39:07.163799 29367 main.go:163] Fixing language server port at 43013
I0702 22:39:07.163841 29367 main.go:343] Language server manager successfully connected to new language server at 127.0.0.1:43013
2024-07-02 22:39:07.218 [INFO]: Found language server running on port 43013
2024-07-02 22:39:07.244 [INFO]: Downloaded binary: /home/j/.codeium/bin/af6b6c543b224d348a8876f0c06245d9ea7929c5/ripgrep_linux_x64
2024-07-02 22:39:07.265 [INFO]: [Language Server (stderr)]:
I0702 22:39:07.264105 29381 rpcs_miscellaneous.go:118] Ripgrep available at /home/j/.codeium/bin/af6b6c543b224d348a8876f0c06245d9ea7929c5/ripgrep_linux_x64
2024-07-02 22:39:07.717 [INFO]: [Language Server (stderr)]:
I0702 22:39:07.715865 29381 rpcs_miscellaneous.go:312] University version is up to date.
2024-07-02 22:39:07.727 [INFO]: [Language Server (stderr)]:
I0702 22:39:07.726202 29381 rpcs_miscellaneous.go:194] Downloading changelog from https://exafunction.github.io/public/changelog/1.8.md
2024-07-02 22:39:26.396 [ERROR]: Canceled
2024-07-02 22:39:26.396 [ERROR]: Canceled
