2024-07-07 10:42:37.486 [INFO]: No proxy settings found
2024-07-07 10:42:38.524 [INFO]: Creating manager directory: /tmp/2379ac59-5b5e-4e19-a03d-68ff15b4a4d4/codeium/manager
2024-07-07 10:42:38.885 [INFO]: Using cached LS with valid crc32: /home/j/.vscode-oss/extensions/codeium.codeium-1.8.64-universal/dist/a449546e0384eb1c5a91cd222eebb296be9a0f91/language_server_linux_x64
2024-07-07 10:42:38.894 [INFO]: Language server started
2024-07-07 10:42:39.052 [INFO]: [Language Server (stderr)]:
I0707 10:42:39.051903 681944 main.go:558] Starting language server manager with pid 681944
I0707 10:42:39.052011 681944 main.go:110] Manager acquired its lock file /tmp/2379ac59-5b5e-4e19-a03d-68ff15b4a4d4/codeium/manager/locks/manager.lock
2024-07-07 10:42:39.053 [INFO]: [Language Server (stderr)]:
I0707 10:42:39.052651 681944 main.go:248] Waiting for random port file in /tmp/2379ac59-5b5e-4e19-a03d-68ff15b4a4d4/codeium/manager/child_random_port_1720328259052088785_1163624755330751462 to be created
2024-07-07 10:42:39.196 [INFO]: [Language Server (stderr)]:
I0707 10:42:39.195699 681958 main.go:552] Starting language server process with pid 681958
I0707 10:42:39.195758 681958 server.go:156] Language server will attempt to listen on host 127.0.0.1
I0707 10:42:39.195893 681958 server.go:163] Language server listening on random port at 39273
I0707 10:42:39.195954 681958 proxy.go:113] proxyplease.proxy> No proxy provided. Attempting to infer from system.
I0707 10:42:39.195979 681958 proxy.go:113] proxyplease.proxy> No proxy could be determined. Assuming a direct connection.
2024-07-07 10:42:39.197 [INFO]: [Language Server (stderr)]:
I0707 10:42:39.196006 681958 client.go:589] [DEBUG] GET https://server.codeium.com/exa.api_server_pb.ApiServerService/GetCompletions
2024-07-07 10:42:40.172 [INFO]: [Language Server (stderr)]:
I0707 10:42:40.171374 681958 unleash.go:90] Initializing Unleash
2024-07-07 10:42:40.981 [INFO]: [Language Server (stderr)]:
I0707 10:42:40.980950 681958 unleash.go:110] Successfully initialized Unleash
2024-07-07 10:42:40.995 [INFO]: [Language Server (stderr)]:
E0707 10:42:40.994714 681958 client_manager.go:270] Metadata is nil when trying to refresh user JWT
2024-07-07 10:42:41.810 [INFO]: [Language Server (stderr)]:
I0707 10:42:41.809696 681958 server.go:355] Successfully created API server client
2024-07-07 10:42:41.875 [INFO]: [Language Server (stderr)]:
I0707 10:42:41.874544 681958 server.go:364] Successfully initialized tokenizer
2024-07-07 10:42:41.989 [INFO]: [Language Server (stderr)]:
I0707 10:42:41.989088 681958 server.go:473] Local search is enabled, will index local files.
I0707 10:42:41.989141 681958 server.go:477] Using 3 indexer workers
I0707 10:42:41.989204 681958 search_provider.go:200] Using database at /home/j/.codeium/database/9c0694567290725d9dcba14ade58e297/2/MODEL_EMBED_6591
2024-07-07 10:42:41.991 [INFO]: [Language Server (stderr)]:
I0707 10:42:41.990809 681958 database.go:123] Bad db state detected: false
2024-07-07 10:42:41.992 [INFO]: [Language Server (stderr)]:
I0707 10:42:41.991889 681958 search_provider.go:214] Successfully created embedding search database in 2ms
2024-07-07 10:42:41.992 [INFO]: [Language Server (stderr)]:
I0707 10:42:41.992410 681958 indexer.go:224] Using 12 embed workers
I0707 10:42:41.992458 681958 search_provider.go:239] Successfully created and started indexer
I0707 10:42:41.992494 681958 search_provider.go:265] Successfully created embedding search provider
I0707 10:42:41.992506 681958 server.go:515] Successfully created exact search provider
2024-07-07 10:42:41.998 [INFO]: [Language Server (stderr)]:
I0707 10:42:41.997784 681958 server.go:545] Successfully created completion provider
I0707 10:42:41.997926 681958 server.go:594] Child process attempting to acquire lock file /tmp/2379ac59-5b5e-4e19-a03d-68ff15b4a4d4/codeium/manager/locks/child_lock_1720328259052136389_7989303696620779838
I0707 10:42:41.997975 681958 server.go:602] Child process acquired lock file /tmp/2379ac59-5b5e-4e19-a03d-68ff15b4a4d4/codeium/manager/locks/child_lock_1720328259052136389_7989303696620779838
2024-07-07 10:42:42.003 [INFO]: [Language Server (stderr)]:
I0707 10:42:42.002736 681958 server.go:183] LSP listening on random port at 39129
2024-07-07 10:42:42.004 [INFO]: [Language Server (stderr)]:
I0707 10:42:42.003673 681958 web_server.go:239] Chat Web Server listening at ws://127.0.0.1:38715
2024-07-07 10:42:42.069 [INFO]: [Language Server (stdout)]:
39129
2024-07-07 10:42:42.070 [INFO]: [Language Server (stderr)]:
I0707 10:42:42.069002 681944 main.go:284] Language server manager found random server port 39273
I0707 10:42:42.069066 681944 main.go:285] Language server manager found random lsp port 39129
I0707 10:42:42.069091 681944 main.go:292] Language server manager attempting to connect to language server at 127.0.0.1:39273
2024-07-07 10:42:42.096 [INFO]: [Language Server (stderr)]:
I0707 10:42:42.095914 681944 main.go:163] Fixing language server port at 39273
I0707 10:42:42.095948 681944 main.go:343] Language server manager successfully connected to new language server at 127.0.0.1:39273
2024-07-07 10:42:42.117 [INFO]: Found language server running on port 39273
2024-07-07 10:42:42.126 [INFO]: Downloaded binary: /home/j/.codeium/bin/af6b6c543b224d348a8876f0c06245d9ea7929c5/ripgrep_linux_x64
2024-07-07 10:42:42.138 [INFO]: [Language Server (stderr)]:
I0707 10:42:42.137126 681958 rpcs_miscellaneous.go:118] Ripgrep available at /home/j/.codeium/bin/af6b6c543b224d348a8876f0c06245d9ea7929c5/ripgrep_linux_x64
2024-07-07 10:42:42.373 [INFO]: [Language Server (stderr)]:
I0707 10:42:42.364981 681958 rpcs_miscellaneous.go:312] University version is up to date.
2024-07-07 10:43:05.318 [INFO]: Disposing language server process
2024-07-07 10:43:05.319 [INFO]: Deleting manager directory: /tmp/2379ac59-5b5e-4e19-a03d-68ff15b4a4d4/codeium/manager
2024-07-07 10:43:05.323 [INFO]: Successfully disposed language server
