2024-07-02 22:38:59.162 [info] Extension host with pid 29298 started
2024-07-02 22:38:59.237 [info] ExtensionService#_doActivateExtension vscode.emmet, startup: false, activationEvent: 'onLanguage'
2024-07-02 22:38:59.306 [info] ExtensionService#_doActivateExtension vscode.git-base, startup: true, activationEvent: '*', root cause: vscode.git
2024-07-02 22:38:59.310 [info] ExtensionService#_doActivateExtension mhutchie.git-graph, startup: true, activationEvent: '*'
2024-07-02 22:38:59.415 [info] ExtensionService#_doActivateExtension vscode.git, startup: true, activationEvent: '*'
2024-07-02 22:38:59.516 [info] ExtensionService#_doActivateExtension vscode.github, startup: true, activationEvent: '*'
2024-07-02 22:38:59.597 [info] Eager extensions activated
2024-07-02 22:38:59.613 [info] ExtensionService#_doActivateExtension vscode.debug-auto-launch, startup: false, activationEvent: 'onStartupFinished'
2024-07-02 22:38:59.618 [info] ExtensionService#_doActivateExtension vscode.merge-conflict, startup: false, activationEvent: 'onStartupFinished'
2024-07-02 22:38:59.646 [info] ExtensionService#_doActivateExtension Codeium.codeium, startup: false, activationEvent: 'onStartupFinished'
2024-07-02 22:39:00.158 [info] ExtensionService#_doActivateExtension PKief.material-icon-theme, startup: false, activationEvent: 'onStartupFinished'
2024-07-02 22:39:00.185 [info] ExtensionService#_doActivateExtension sainnhe.gruvbox-material, startup: false, activationEvent: 'onStartupFinished'
2024-07-02 22:39:00.209 [info] ExtensionService#_doActivateExtension vscodevim.vim, startup: false, activationEvent: 'onStartupFinished'
2024-07-02 22:39:01.400 [error] Error: ENOENT: no such file or directory, open '/home/j/.config/Code - OSS/User/globalStorage/vscodevim.vim/.registers'
2024-07-02 22:39:08.158 [info] ExtensionService#_doActivateExtension vscode.markdown-language-features, startup: false, activationEvent: 'onCommand:markdown.showPreview'
2024-07-02 22:39:08.850 [info] ExtensionService#_doActivateExtension vscode.extension-editing, startup: false, activationEvent: 'onLanguage:markdown'
2024-07-02 22:39:08.882 [info] ExtensionService#_doActivateExtension vscode.markdown-math, startup: false, activationEvent: 'api', root cause: vscode.markdown-language-features
2024-07-02 22:39:26.376 [info] Extension host terminating: renderer closed the MessagePort
2024-07-02 22:39:26.396 [error] Error: ENOENT: no such file or directory, open '/home/j/.config/Code - OSS/User/globalStorage/vscodevim.vim/.registers'
2024-07-02 22:39:26.396 [info] Extension host with pid 29298 exiting with code 0
